connecting to Jenkins...
data from Jenkins sorted by Build Number Desc...
connecting to Jenkins...
connecting to Jenkins...
data from Jenkins saved in file named: jenkins_data.json in JSon format...
connecting to Jenkins...
fetching data from Jenkins...
connecting to Jenkins...
data from Jenkins sorted by Date Desc...
connecting to Jenkins...
data from Jenkins sorted by Build Number Desc...
data from Jenkins saved in file named: jenkins_data.json in JSon format...
connecting to Jenkins...
connecting to Jenkins...
fetching data from Jenkins...
connecting to Jenkins...
data from Jenkins sorted by Date Desc...
data from Jenkins displayed in JSon format...
connecting to Jenkins...
data from Jenkins sorted by Date Desc...
data from Jenkins saved in file named: jenkins_data.json in JSon format...
connecting to Jenkins...
data from Jenkins sorted by Build Number Desc...
connecting to Jenkins...
connecting to Jenkins...
connecting to Jenkins...
data from Jenkins sorted by Build Number Desc...
connecting to Jenkins...
data from Jenkins sorted by Build Number Desc...
connecting to Jenkins...
data from Jenkins sorted by Build Number Desc...
connecting to Jenkins...
data from Jenkins sorted by Build Number Desc...
connecting to Jenkins...
fetching data from Jenkins...
connecting to Jenkins...
connecting to Jenkins...
connecting to Jenkins...
